TN:
SF:src/FiniteField.ts
FN:6,FieldElement
FN:15,toString
FN:19,checkElement
FN:32,eq
FN:38,ne
FN:42,add
FN:49,sub
FNF:7
FNH:6
FNDA:12,FieldElement
FNDA:0,toString
FNDA:8,checkElement
FNDA:4,eq
FNDA:2,ne
FNDA:2,add
FNDA:2,sub
DA:1,1
DA:2,1
DA:3,1
DA:4,1
DA:5,1
DA:6,1
DA:7,12
DA:8,12
DA:9,2
DA:10,2
DA:11,10
DA:12,10
DA:13,10
DA:14,1
DA:15,1
DA:16,0
DA:17,0
DA:18,1
DA:19,1
DA:20,8
DA:21,0
DA:22,0
DA:23,0
DA:24,0
DA:25,8
DA:26,0
DA:27,0
DA:28,0
DA:29,0
DA:30,8
DA:31,1
DA:32,1
DA:33,4
DA:34,4
DA:35,4
DA:36,4
DA:37,1
DA:38,1
DA:39,2
DA:40,2
DA:41,1
DA:42,1
DA:43,2
DA:44,2
DA:45,2
DA:46,2
DA:47,2
DA:48,1
DA:49,1
DA:50,2
DA:51,2
DA:52,2
DA:53,2
DA:54,2
DA:55,1
LF:55
LH:45
BRDA:6,0,0,12
BRDA:8,1,0,11
BRDA:8,2,0,2
BRDA:11,3,0,10
BRDA:19,4,0,8
BRDA:20,5,0,0
BRDA:25,6,0,0
BRDA:32,7,0,4
BRDA:35,8,0,2
BRDA:38,9,0,2
BRDA:42,10,0,2
BRDA:49,11,0,2
BRF:12
BRH:10
end_of_record
