TN:
SF:src/FiniteField.ts
FN:1,mod
FN:7,FieldElement
FN:16,toString
FN:20,checkElement
FN:33,eq
FN:39,ne
FN:43,add
FN:49,sub
FNF:8
FNH:7
FNDA:4,mod
FNDA:12,FieldElement
FNDA:0,toString
FNDA:8,checkElement
FNDA:4,eq
FNDA:2,ne
FNDA:2,add
FNDA:2,sub
DA:1,1
DA:2,1
DA:3,1
DA:4,1
DA:5,1
DA:6,1
DA:7,1
DA:8,12
DA:9,12
DA:10,2
DA:11,2
DA:12,10
DA:13,10
DA:14,10
DA:15,1
DA:16,1
DA:17,0
DA:18,0
DA:19,1
DA:20,1
DA:21,8
DA:22,0
DA:23,0
DA:24,0
DA:25,0
DA:26,8
DA:27,0
DA:28,0
DA:29,0
DA:30,0
DA:31,8
DA:32,1
DA:33,1
DA:34,4
DA:35,4
DA:36,4
DA:37,4
DA:38,1
DA:39,1
DA:40,2
DA:41,2
DA:42,1
DA:43,1
DA:44,2
DA:45,2
DA:46,2
DA:47,2
DA:48,1
DA:49,1
DA:50,2
DA:51,2
DA:52,2
DA:53,2
DA:54,1
LF:54
LH:44
BRDA:1,0,0,4
BRDA:7,1,0,12
BRDA:9,2,0,11
BRDA:9,3,0,2
BRDA:12,4,0,10
BRDA:20,5,0,8
BRDA:21,6,0,0
BRDA:26,7,0,0
BRDA:33,8,0,4
BRDA:36,9,0,2
BRDA:39,10,0,2
BRDA:43,11,0,2
BRDA:49,12,0,2
BRF:13
BRH:11
end_of_record
